Msg: Siblink versi贸n BER-GP 1.0
Msg: Oct 22 23:47:43
Msg: Nuevo Banco de Entre Rios
Msg: Obteniendo fecha de proceso ...
Error: Fall贸 inicio SetiPago java.sql.SQLException: Base table or view not found message from server: "Table 'linkdbase.SETIPAGO' doesn't exist" / DELETE FROM SETIPAGO WHERE SETIDATOS < '201015'
Error: archivo FechaSFB.txt. Asume dia anterior.
Msg: Fecha de proceso extract(mmdd) 1021
Msg: Iniciando Socket ...
Msg: Socket iniciado
Msg: Iniciando Socket adicional ...
Msg: Socket adicional iniciado
Msg: Iniciando Socket adicional ...
Msg: Socket adicional iniciado
Msg: Iniciando Socket adicional ...
Msg: Socket adicional iniciado
Msg: Iniciando Socket adicional ...
Msg: Iniciando Socket adicional ...
Msg: Socket adicional iniciado
Msg: Socket adicional iniciado
Msg: Iniciando Socket adicional ...
Msg: Socket adicional iniciado
Msg: Iniciando Socket adicional ...
Msg: Socket adicional iniciado
java.sql.SQLException: Base table or view not found message from server: "Table 'linkdbase.SF' doesn't exist" / SELECT * FROM SF
Fin S&F propio
Mensaje: [ISO0040000400800822000000000000004000000000000001234561234567890301]
Msg: Echo test recibido 23:48:33
Mensaje: [ISO0040000400800822000000000000004000000000000001234561234567890301]
Msg: Echo test recibido 23:48:33
Mensaje: [ISO0040000400800822000000000000004000000000000001234561234567890301]
Msg: Echo test recibido 23:48:33
Mensaje: [ISO0040000400800822000000000000004000000000000001234561234567890301]
Mensaje: [ISO0040000400800822000000000000004000000000000001234561234567890301]
Msg: Echo test recibido 23:48:33
Msg: Echo test recibido 23:48:33
Mensaje: [ISO0040000400800822000000000000004000000000000001234561234567890301]
Msg: Echo test recibido 23:48:33
Mensaje: [ISO0040000400800822000000000000004000000000000001234561234567890301]
Mensaje: [ISO0040000400800822000000000000004000000000000001234561234567890301]
Msg: Echo test recibido 23:48:33
Msg: Echo test recibido 23:48:33
Msg: Estacion 1 activa
Mensaje: [ISO0040000400800822000000000000004000000000000001234561234567890301]
Msg: Echo test recibido 23:49:23
Msg: Estacion 8 activa
Mensaje: [ISO0040000400800822000000000000004000000000000001234561234567890301]
Msg: Estacion 2 activa
Msg: Estacion 5 activa
Mensaje: [ISO0040000400800822000000000000004000000000000001234561234567890301]
Mensaje: [ISO0040000400800822000000000000004000000000000001234561234567890301]
Msg: Echo test recibido 23:49:23
Msg: Echo test recibido 23:49:23
Msg: Echo test recibido 23:49:23
Msg: Estacion 3 activa
Mensaje: [ISO0040000400800822000000000000004000000000000001234561234567890301]
Msg: Estacion 7 activa
Mensaje: [ISO0040000400800822000000000000004000000000000001234561234567890301]
Msg: Echo test recibido 23:49:23
Msg: Estacion 6 activa
Msg: Echo test recibido 23:49:24
Msg: Estacion 4 activa
Mensaje: [ISO0040000400800822000000000000004000000000000001234561234567890301]
Mensaje: [ISO0040000400800822000000000000004000000000000001234561234567890301]
Msg: Echo test recibido 23:49:24
Msg: Echo test recibido 23:49:24
Mensaje: [ISO0040000400800822000000000000004000000000000001234561234567890301]
Msg: Echo test recibido 23:50:13
Mensaje: [ISO0040000400800822000000000000004000000000000001234561234567890301]
Mensaje: [ISO0040000400800822000000000000004000000000000001234561234567890301]
Mensaje: [ISO0040000400800822000000000000004000000000000001234561234567890301]
Msg: Echo test recibido 23:50:13
Msg: Echo test recibido 23:50:13
Msg: Echo test recibido 23:50:13
Mensaje: [ISO0040000400800822000000000000004000000000000001234561234567890301]
Msg: Echo test recibido 23:50:14
Mensaje: [ISO0040000400800822000000000000004000000000000001234561234567890301]
Mensaje: [ISO0040000400800822000000000000004000000000000001234561234567890301]
Msg: Echo test recibido 23:50:14
Mensaje: [ISO0040000400800822000000000000004000000000000001234561234567890301]
Msg: Echo test recibido 23:50:14
Msg: Echo test recibido 23:50:14
Mensaje: [ISO0040000400800822000000000000004000000000000001234561234567890301]
Msg: Echo test recibido 23:51:03
Mensaje: [ISO0040000400800822000000000000004000000000000001234561234567890301]
Msg: Echo test recibido 23:51:04
Mensaje: [ISO0040000400800822000000000000004000000000000001234561234567890301]
Mensaje: [ISO0040000400800822000000000000004000000000000001234561234567890301]
Msg: Echo test recibido 23:51:04
Msg: Echo test recibido 23:51:04
Mensaje: [ISO0040000400800822000000000000004000000000000001234561234567890301]
Msg: Echo test recibido 23:51:04
Mensaje: [ISO0040000400800822000000000000004000000000000001234561234567890301]
Msg: Echo test recibido 23:51:04
Mensaje: [ISO0040000400800822000000000000004000000000000001234561234567890301]
Mensaje: [ISO0040000400800822000000000000004000000000000001234561234567890301]
Msg: Echo test recibido 23:51:04
Msg: Echo test recibido 23:51:04
Mensaje: [ISO0040000400800822000000000000004000000000000001234561234567890301]
Msg: Echo test recibido 23:51:53
Mensaje: [ISO0040000400800822000000000000004000000000000001234561234567890301]
Msg: Echo test recibido 23:51:54
Mensaje: [ISO0040000400800822000000000000004000000000000001234561234567890301]
Mensaje: [ISO0040000400800822000000000000004000000000000001234561234567890301]
Msg: Echo test recibido 23:51:54
Msg: Echo test recibido 23:51:54
Mensaje: [ISO0040000400800822000000000000004000000000000001234561234567890301]
Msg: Echo test recibido 23:51:54
Mensaje: [ISO0040000400800822000000000000004000000000000001234561234567890301]
Msg: Echo test recibido 23:51:54
Mensaje: [ISO0040000400800822000000000000004000000000000001234561234567890301]
Mensaje: [ISO0040000400800822000000000000004000000000000001234561234567890301]
Msg: Echo test recibido 23:51:54
Msg: Echo test recibido 23:51:54
Mensaje: [ISO0040000400800822000000000000004000000000000001234561234567890301]
Msg: Echo test recibido 23:52:43
Mensaje: [ISO0040000400800822000000000000004000000000000001234561234567890301]
Msg: Echo test recibido 23:52:44
Mensaje: [ISO0040000400800822000000000000004000000000000001234561234567890301]
Mensaje: [ISO0040000400800822000000000000004000000000000001234561234567890301]
Msg: Echo test recibido 23:52:44
Msg: Echo test recibido 23:52:44
Mensaje: [ISO0040000400800822000000000000004000000000000001234561234567890301]
Msg: Echo test recibido 23:52:44
Mensaje: [ISO0040000400800822000000000000004000000000000001234561234567890301]
Msg: Echo test recibido 23:52:44
Mensaje: [ISO0040000400800822000000000000004000000000000001234561234567890301]
Mensaje: [ISO0040000400800822000000000000004000000000000001234561234567890301]
Msg: Echo test recibido 23:52:44
Msg: Echo test recibido 23:52:44
Mensaje: [ISO0040000400800822000000000000004000000000000001234561234567890301]
Msg: Echo test recibido 23:53:34
Mensaje: [ISO0040000400800822000000000000004000000000000001234561234567890301]
Msg: Echo test recibido 23:53:34
Mensaje: [ISO0040000400800822000000000000004000000000000001234561234567890301]
Mensaje: [ISO0040000400800822000000000000004000000000000001234561234567890301]
Msg: Echo test recibido 23:53:34
Msg: Echo test recibido 23:53:34
Mensaje: [ISO0040000400800822000000000000004000000000000001234561234567890301]
Msg: Echo test recibido 23:53:34
Mensaje: [ISO0040000400800822000000000000004000000000000001234561234567890301]
Msg: Echo test recibido 23:53:34
Mensaje: [ISO0040000400800822000000000000004000000000000001234561234567890301]
Msg: Echo test recibido 23:53:34
Mensaje: [ISO0040000400800822000000000000004000000000000001234561234567890301]
Msg: Echo test recibido 23:53:34
Msg: Cierre Siblink. Oct 22 23:53:51
Msg: Siblink versi贸n BER-GP 1.0
Msg: Oct 22 23:54:02
Msg: Nuevo Banco de Entre Rios
Msg: Obteniendo fecha de proceso ...
Error: Fall贸 inicio SetiPago java.sql.SQLException: Base table or view not found message from server: "Table 'linkdbase.SETIPAGO' doesn't exist" / DELETE FROM SETIPAGO WHERE SETIDATOS < '201015'
Error: archivo FechaSFB.txt. Asume dia anterior.
Msg: Fecha de proceso extract(mmdd) 1021
Msg: Iniciando Socket ...
Msg: Socket iniciado
Msg: Iniciando Socket adicional ...
Msg: Socket adicional iniciado
Msg: Iniciando Socket adicional ...
Msg: Socket adicional iniciado
Msg: Iniciando Socket adicional ...
Msg: Socket adicional iniciado
Msg: Iniciando Socket adicional ...
Msg: Socket adicional iniciado
Msg: Iniciando Socket adicional ...
Msg: Socket adicional iniciado
Msg: Iniciando Socket adicional ...
Msg: Socket adicional iniciado
Msg: Iniciando Socket adicional ...
Msg: Socket adicional iniciado
java.sql.SQLException: Base table or view not found message from server: "Table 'linkdbase.SF' doesn't exist" / SELECT * FROM SF
Fin S&F propio
Msg: Cierre Siblink. Oct 22 23:54:04
