Msg: Siblink versión BER-GP 1.0.2
Msg: Nov 16 10:19:44
Msg: Nuevo Banco de Entre Rios
Error: java.sql.SQLException: Unable to connect to any hosts due to exception: java.net.UnknownHostException: dockerhost: Name or service not known

** BEGIN NESTED EXCEPTION ** 

java.net.UnknownHostException
MESSAGE: dockerhost: Name or service not known

STACKTRACE:

java.net.UnknownHostException: dockerhost: Name or service not known
	at java.net.Inet6AddressImpl.lookupAllHostAddr(Native Method)
	at java.net.InetAddress$2.lookupAllHostAddr(InetAddress.java:929)
	at java.net.InetAddress.getAddressesFromNameService(InetAddress.java:1324)
	at java.net.InetAddress.getAllByName0(InetAddress.java:1277)
	at java.net.InetAddress.getAllByName(InetAddress.java:1193)
	at java.net.InetAddress.getAllByName(InetAddress.java:1127)
	at com.mysql.jdbc.StandardSocketFactory.connect(StandardSocketFactory.java:125)
	at com.mysql.jdbc.MysqlIO.<init>(MysqlIO.java:225)
	at com.mysql.jdbc.Connection.createNewIO(Connection.java:1805)
	at com.mysql.jdbc.Connection.<init>(Connection.java:452)
	at com.mysql.jdbc.NonRegisteringDriver.connect(NonRegisteringDriver.java:411)
	at java.sql.DriverManager.getConnection(DriverManager.java:664)
	at java.sql.DriverManager.getConnection(DriverManager.java:247)
	at Dbase.connect(dbase.java:100)
	at LinkServer.main(LinkServer.java:148)


** END NESTED EXCEPTION **


